<?xml version="1.0" encoding="UTF-8"?>
<!-- Generated by org.testng.reporters.JUnitReportReporter -->
<testsuite hostname="WELCOME" failures="0" tests="1" name="com.practicetestng.LoginFacebookFromExcel" time="2.142" errors="0" timestamp="2022-02-26T16:28:42 IST" skipped="0">
  <testcase classname="com.practicetestng.LoginFacebookFromExcel" name="loginFacebook" time="2.142"/>
  <system-out/>
</testsuite> <!-- com.practicetestng.LoginFacebookFromExcel -->
