<?xml version="1.0" encoding="UTF-8"?>
<!-- Generated by org.testng.reporters.JUnitReportReporter -->
<testsuite hostname="WELCOME" failures="0" tests="1" name="selenium3demo.com.testng.PracticeTestNGParams" time="25.403" errors="0" timestamp="2022-02-22T09:13:44 IST" skipped="0">
  <testcase classname="selenium3demo.com.testng.PracticeTestNGParams" name="verifyLogin" time="25.403"/>
  <system-out/>
</testsuite> <!-- selenium3demo.com.testng.PracticeTestNGParams -->
