<?xml version="1.0" encoding="UTF-8"?>
<!-- Generated by org.testng.reporters.JUnitReportReporter -->
<testsuite hostname="WELCOME" failures="0" tests="1" name="com.practicetestng.ReadFacebookLogin" time="18.482" errors="0" timestamp="2022-02-25T20:03:12 IST" skipped="0">
  <testcase classname="com.practicetestng.ReadFacebookLogin" name="fbLoginTest" time="18.482"/>
  <system-out/>
</testsuite> <!-- com.practicetestng.ReadFacebookLogin -->
