<?xml version="1.0" encoding="UTF-8"?>
<!-- Generated by org.testng.reporters.JUnitReportReporter -->
<testsuite hostname="WELCOME" failures="0" tests="1" name="com.practicetestng.ReadDataFromExcelFile" time="1.260" errors="0" timestamp="2022-02-25T10:42:53 IST" skipped="0">
  <testcase classname="com.practicetestng.ReadDataFromExcelFile" name="readDataFromExcel" time="1.260"/>
  <system-out/>
</testsuite> <!-- com.practicetestng.ReadDataFromExcelFile -->
