<?xml version="1.0" encoding="UTF-8"?>
<!-- Generated by org.testng.reporters.JUnitReportReporter -->
<testsuite hostname="WELCOME" failures="0" tests="1" name="com.practicetestng.LoginUsingParam" time="12.722" errors="0" timestamp="2022-02-24T20:14:53 IST" skipped="0">
  <testcase classname="com.practicetestng.LoginUsingParam" name="loginUsingParamTestNG" time="12.722"/>
  <system-out/>
</testsuite> <!-- com.practicetestng.LoginUsingParam -->
