<?xml version="1.0" encoding="UTF-8"?>
<!-- Generated by org.testng.reporters.JUnitReportReporter -->
<testsuite hostname="WELCOME" failures="0" tests="3" name="com.practicetestng.DataProviderPractice" time="137.073" errors="0" timestamp="2022-02-25T09:47:39 IST" skipped="0">
  <testcase classname="com.practicetestng.DataProviderPractice" name="dataProviderTestCase1" time="64.508"/>
  <system-out/>
  <testcase classname="com.practicetestng.DataProviderPractice" name="dataProviderTestCase1" time="40.891"/>
  <system-out/>
  <testcase classname="com.practicetestng.DataProviderPractice" name="dataProviderTestCase1" time="31.674"/>
  <system-out/>
</testsuite> <!-- com.practicetestng.DataProviderPractice -->
