<?xml version="1.0" encoding="UTF-8"?>
<!-- Generated by org.testng.reporters.JUnitReportReporter -->
<testsuite hostname="WELCOME" failures="0" tests="1" name="selenium3demo.com.testng.TestEnv" time="3.777" errors="0" timestamp="2022-02-20T18:39:00 IST" skipped="0">
  <testcase classname="selenium3demo.com.testng.TestEnv" name="verifyEnvIsNotEmpty" time="3.777"/>
  <system-out/>
</testsuite> <!-- selenium3demo.com.testng.TestEnv -->
