<?xml version="1.0" encoding="UTF-8"?>
<!-- Generated by org.testng.reporters.JUnitReportReporter -->
<testsuite hostname="WELCOME" failures="0" tests="1" name="SeleniumFileNotFoundException" time="0.014" errors="0" timestamp="2022-02-18T08:32:40 IST" skipped="0">
  <testcase classname="SeleniumFileNotFoundException" name="firstTestCase" time="0.014"/>
  <system-out/>
</testsuite> <!-- SeleniumFileNotFoundException -->
