<?xml version="1.0" encoding="UTF-8"?>
<!-- Generated by org.testng.reporters.JUnitReportReporter -->
<testsuite hostname="WELCOME" failures="0" tests="3" name="com.practicetestng.PracTestNgAnnotations" time="0.021" errors="0" timestamp="2022-02-23T19:16:05 IST" skipped="0">
  <testcase classname="com.practicetestng.PracTestNgAnnotations" name="secondTestCase" time="0.006"/>
  <system-out/>
  <testcase classname="com.practicetestng.PracTestNgAnnotations" name="thirdTestCase" time="0.006"/>
  <system-out/>
  <testcase classname="com.practicetestng.PracTestNgAnnotations" name="firstTestCase" time="0.009"/>
  <system-out/>
</testsuite> <!-- com.practicetestng.PracTestNgAnnotations -->
