<?xml version="1.0" encoding="UTF-8"?>
<!-- Generated by org.testng.reporters.JUnitReportReporter -->
<testsuite hostname="WELCOME" failures="0" tests="1" name="com.practicetestng.ExcelPractice" time="1.077" errors="0" timestamp="2022-02-27T22:22:23 IST" skipped="0">
  <testcase classname="com.practicetestng.ExcelPractice" name="readExcel" time="1.077"/>
  <system-out/>
</testsuite> <!-- com.practicetestng.ExcelPractice -->
