<?xml version="1.0" encoding="UTF-8"?>
<!-- Generated by org.testng.reporters.JUnitReportReporter -->
<testsuite hostname="WELCOME" failures="0" tests="1" name="selenium3demo.com.testng.PropertyFileEnv" time="17.174" errors="0" timestamp="2022-02-21T10:15:30 IST" skipped="0">
  <testcase classname="selenium3demo.com.testng.PropertyFileEnv" name="fileEnv" time="17.174"/>
  <system-out/>
</testsuite> <!-- selenium3demo.com.testng.PropertyFileEnv -->
