<?xml version="1.0" encoding="UTF-8"?>
<!-- Generated by org.testng.reporters.JUnitReportReporter -->
<testsuite hostname="WELCOME" failures="0" tests="2" name="selenium3demo.com.testng.TestNGDemo" time="0.020" errors="0" timestamp="2022-02-19T12:30:12 IST" skipped="1">
  <testcase classname="selenium3demo.com.testng.TestNGDemo" name="firstTest" time="0.020"/>
  <system-out/>
  <testcase classname="selenium3demo.com.testng.TestNGDemo" name="secondTest">
    <skipped/>
  </testcase> <!-- secondTest -->
  <system-out/>
</testsuite> <!-- selenium3demo.com.testng.TestNGDemo -->
