<?xml version="1.0" encoding="UTF-8"?>
<!-- Generated by org.testng.reporters.JUnitReportReporter -->
<testsuite hostname="WELCOME" failures="0" tests="1" name="selenium3demo.com.testng.CrossBrowserTests" time="68.064" errors="0" timestamp="2022-02-23T11:01:06 IST" skipped="0">
  <testcase classname="selenium3demo.com.testng.CrossBrowserTests" name="testWithGivenBrowser" time="68.064"/>
  <system-out/>
</testsuite> <!-- selenium3demo.com.testng.CrossBrowserTests -->
