<?xml version="1.0" encoding="UTF-8"?>
<!-- Generated by org.testng.reporters.JUnitReportReporter -->
<testsuite hostname="WELCOME" failures="0" tests="1" name="com.practicetestng.LoginFacebookUsingDataProviderExcel" time="0.000" errors="0" timestamp="2022-02-26T17:51:46 IST" skipped="1">
  <testcase classname="com.practicetestng.LoginFacebookUsingDataProviderExcel" name="facebookLoginTest" time="0.000">
    <skipped/>
  </testcase> <!-- facebookLoginTest -->
  <system-out/>
</testsuite> <!-- com.practicetestng.LoginFacebookUsingDataProviderExcel -->
