<?xml version="1.0" encoding="UTF-8"?>
<!-- Generated by org.testng.reporters.JUnitReportReporter -->
<testsuite hostname="WELCOME" failures="0" tests="1" name="selenium3demo.com.testng.PracticeTestNGParams" time="10.426" errors="0" timestamp="2022-02-23T20:18:28 IST" skipped="0">
  <testcase classname="selenium3demo.com.testng.PracticeTestNGParams" name="verifyLogin" time="10.426"/>
  <system-out/>
</testsuite> <!-- selenium3demo.com.testng.PracticeTestNGParams -->
