<?xml version="1.0" encoding="UTF-8"?>
<!-- Generated by org.testng.reporters.JUnitReportReporter -->
<testsuite hostname="WELCOME" failures="0" tests="1" name="SeleniumNullPointerException" time="0.020" errors="0" timestamp="2022-02-19T12:25:06 IST" skipped="0">
  <testcase classname="SeleniumNullPointerException" name="firstTestCase" time="0.020"/>
  <system-out/>
</testsuite> <!-- SeleniumNullPointerException -->
